#
# There is insufficient memory for the Java Runtime Environment to continue.
# Native memory allocation (malloc) failed to allocate 1474096 bytes for Chunk::new
# Possible reasons:
#   The system is out of physical RAM or swap space
#   In 32 bit mode, the process size limit was hit
# Possible solutions:
#   Reduce memory load on the system
#   Increase physical memory or swap space
#   Check if swap backing store is full
#   Use 64 bit Java on a 64 bit OS
#   Decrease Java heap size (-Xmx/-Xms)
#   Decrease number of Java threads
#   Decrease Java thread stack sizes (-Xss)
#   Set larger code cache with -XX:ReservedCodeCacheSize=
# This output file may be truncated or incomplete.
#
#  Out of Memory Error (allocation.cpp:323), pid=42580, tid=41400
#
# JRE version: Java(TM) SE Runtime Environment (7.0_79-b15) (build 1.7.0_79-b15)
# Java VM: Java HotSpot(TM) 64-Bit Server VM (24.79-b02 mixed mode windows-amd64 compressed oops)
# Failed to write core dump. Minidumps are not enabled by default on client versions of Windows
#

---------------  T H R E A D  ---------------

Current thread (0x000000000288e000):  JavaThread "C2 CompilerThread1" daemon [_thread_in_native, id=41400, stack(0x000000000b1b0000,0x000000000b2b0000)]

Stack: [0x000000000b1b0000,0x000000000b2b0000]
[error occurred during error reporting (printing stack bounds), id 0xc0000005]


[error occurred during error reporting (printing native stack), id 0xc0000005]


Current CompileTask:
C2:   4845  480   !         com.android.dx.cf.code.BytecodeArray::parseInstruction (2764 bytes)


---------------  P R O C E S S  ---------------

Java Threads: ( => current thread )
  0x000000000ac36800 JavaThread "pool-1-thread-4" [_thread_in_Java, id=41708, stack(0x000000000b8b0000,0x000000000b9b0000)]
  0x000000000ad58800 JavaThread "pool-1-thread-3" [_thread_in_Java, id=41600, stack(0x000000000b7b0000,0x000000000b8b0000)]
  0x000000000ad57800 JavaThread "pool-1-thread-2" [_thread_blocked, id=42088, stack(0x000000000b6b0000,0x000000000b7b0000)]
  0x000000000acb0800 JavaThread "pool-2-thread-1" [_thread_blocked, id=36104, stack(0x000000000b5b0000,0x000000000b6b0000)]
  0x000000000ac97800 JavaThread "pool-1-thread-1" [_thread_in_vm, id=41460, stack(0x000000000b4b0000,0x000000000b5b0000)]
  0x0000000002891000 JavaThread "Service Thread" daemon [_thread_blocked, id=42096, stack(0x000000000b2b0000,0x000000000b3b0000)]
=>0x000000000288e000 JavaThread "C2 CompilerThread1" daemon [_thread_in_native, id=41400, stack(0x000000000b1b0000,0x000000000b2b0000)]
  0x000000000aad0800 JavaThread "C2 CompilerThread0" daemon [_thread_in_native, id=35204, stack(0x000000000b0b0000,0x000000000b1b0000)]
  0x000000000288d000 JavaThread "Attach Listener" daemon [_thread_blocked, id=41044, stack(0x000000000afb0000,0x000000000b0b0000)]
  0x0000000002888000 JavaThread "Signal Dispatcher" daemon [_thread_blocked, id=41340, stack(0x000000000aeb0000,0x000000000afb0000)]
  0x0000000008ada000 JavaThread "Finalizer" daemon [_thread_blocked, id=41008, stack(0x000000000a9b0000,0x000000000aab0000)]
  0x0000000008ad9000 JavaThread "Reference Handler" daemon [_thread_blocked, id=41336, stack(0x000000000a8b0000,0x000000000a9b0000)]
  0x00000000027a0800 JavaThread "main" [_thread_in_Java, id=42888, stack(0x00000000026a0000,0x00000000027a0000)]

Other Threads:
  0x0000000008ad5800 VMThread [stack: 0x000000000a7b0000,0x000000000a8b0000] [id=42064]
  0x000000000289a800 WatcherThread [stack: 0x000000000b3b0000,0x000000000b4b0000] [id=42100]

VM state:not at safepoint (normal execution)

VM Mutex/Monitor currently owned by a thread: None

Heap
 PSYoungGen      total 71680K, used 25950K [0x00000000eaa80000, 0x00000000f3680000, 0x0000000100000000)
  eden space 66560K, 31% used [0x00000000eaa80000,0x00000000ebed8d00,0x00000000eeb80000)
  from space 5120K, 99% used [0x00000000eeb80000,0x00000000ef07eb08,0x00000000ef080000)
  to   space 5120K, 0% used [0x00000000f3180000,0x00000000f3180000,0x00000000f3680000)
 ParOldGen       total 86528K, used 16052K [0x00000000c0000000, 0x00000000c5480000, 0x00000000eaa80000)
  object space 86528K, 18% used [0x00000000c0000000,0x00000000c0fad270,0x00000000c5480000)
 PSPermGen       total 21504K, used 5991K [0x00000000bae00000, 0x00000000bc300000, 0x00000000c0000000)
  object space 21504K, 27% used [0x00000000bae00000,0x00000000bb3d9f30,0x00000000bc300000)

Card table byte_map: [0x00000000058a0000,0x0000000005ad0000] byte_map_base: 0x00000000052c9000

Polling page: 0x0000000000cd0000

Code Cache  [0x00000000028a0000, 0x0000000002b10000, 0x00000000058a0000)
 total_blobs=718 nmethods=480 adapters=189 free_code_cache=47219Kb largest_free_block=48325568

Compilation events (10 events):
Event: 4.816 Thread 0x000000000288e000 nmethod 478 0x0000000002a70150 code [0x0000000002a702c0, 0x0000000002a70528]
Event: 4.816 Thread 0x000000000288e000  479   !         com.android.dx.rop.code.LocalVariableInfo::setStarts (40 bytes)
Event: 4.817 Thread 0x000000000288e000 nmethod 479 0x0000000002a6fe10 code [0x0000000002a6ff60, 0x0000000002a70038]
Event: 4.817 Thread 0x000000000288e000  480   !         com.android.dx.cf.code.BytecodeArray::parseInstruction (2764 bytes)
Event: 4.822 Thread 0x000000000aad0800 nmethod 466 0x0000000002a83fd0 code [0x0000000002a84280, 0x0000000002a85720]
Event: 4.823 Thread 0x000000000aad0800  481             com.android.dx.cf.code.OneLocalsArray::getOrNull (7 bytes)
Event: 4.823 Thread 0x000000000aad0800 nmethod 481 0x0000000002a6fb50 code [0x0000000002a6fc80, 0x0000000002a6fd18]
Event: 4.823 Thread 0x000000000aad0800  482             com.android.dx.cf.code.ExecutionStack::peek (42 bytes)
Event: 4.824 Thread 0x000000000aad0800 nmethod 482 0x0000000002a7e610 code [0x0000000002a7e760, 0x0000000002a7e828]
Event: 4.824 Thread 0x000000000aad0800  483             com.android.dx.ssa.SCCP::simulatePhi (169 bytes)

GC Heap History (6 events):
Event: 1.493 GC heap before
{Heap before GC invocations=1 (full 0):
 PSYoungGen      total 38400K, used 33280K [0x00000000eaa80000, 0x00000000ed500000, 0x0000000100000000)
  eden space 33280K, 100% used [0x00000000eaa80000,0x00000000ecb00000,0x00000000ecb00000)
  from space 5120K, 0% used [0x00000000ed000000,0x00000000ed000000,0x00000000ed500000)
  to   space 5120K, 0% used [0x00000000ecb00000,0x00000000ecb00000,0x00000000ed000000)
 ParOldGen       total 86528K, used 0K [0x00000000c0000000, 0x00000000c5480000, 0x00000000eaa80000)
  object space 86528K, 0% used [0x00000000c0000000,0x00000000c0000000,0x00000000c5480000)
 PSPermGen       total 21504K, used 5837K [0x00000000bae00000, 0x00000000bc300000, 0x00000000c0000000)
  object space 21504K, 27% used [0x00000000bae00000,0x00000000bb3b35d8,0x00000000bc300000)
Event: 1.640 GC heap after
Heap after GC invocations=1 (full 0):
 PSYoungGen      total 38400K, used 5101K [0x00000000eaa80000, 0x00000000ef580000, 0x0000000100000000)
  eden space 33280K, 0% used [0x00000000eaa80000,0x00000000eaa80000,0x00000000ecb00000)
  from space 5120K, 99% used [0x00000000ecb00000,0x00000000ecffb5a0,0x00000000ed000000)
  to   space 5120K, 0% used [0x00000000ef080000,0x00000000ef080000,0x00000000ef580000)
 ParOldGen       total 86528K, used 1613K [0x00000000c0000000, 0x00000000c5480000, 0x00000000eaa80000)
  object space 86528K, 1% used [0x00000000c0000000,0x00000000c0193670,0x00000000c5480000)
 PSPermGen       total 21504K, used 5837K [0x00000000bae00000, 0x00000000bc300000, 0x00000000c0000000)
  object space 21504K, 27% used [0x00000000bae00000,0x00000000bb3b35d8,0x00000000bc300000)
}
Event: 2.551 GC heap before
{Heap before GC invocations=2 (full 0):
 PSYoungGen      total 38400K, used 38381K [0x00000000eaa80000, 0x00000000ef580000, 0x0000000100000000)
  eden space 33280K, 100% used [0x00000000eaa80000,0x00000000ecb00000,0x00000000ecb00000)
  from space 5120K, 99% used [0x00000000ecb00000,0x00000000ecffb5a0,0x00000000ed000000)
  to   space 5120K, 0% used [0x00000000ef080000,0x00000000ef080000,0x00000000ef580000)
 ParOldGen       total 86528K, used 1613K [0x00000000c0000000, 0x00000000c5480000, 0x00000000eaa80000)
  object space 86528K, 1% used [0x00000000c0000000,0x00000000c0193670,0x00000000c5480000)
 PSPermGen       total 21504K, used 5897K [0x00000000bae00000, 0x00000000bc300000, 0x00000000c0000000)
  object space 21504K, 27% used [0x00000000bae00000,0x00000000bb3c26f0,0x00000000bc300000)
Event: 3.189 GC heap after
Heap after GC invocations=2 (full 0):
 PSYoungGen      total 71680K, used 5107K [0x00000000eaa80000, 0x00000000ef580000, 0x0000000100000000)
  eden space 66560K, 0% used [0x00000000eaa80000,0x00000000eaa80000,0x00000000eeb80000)
  from space 5120K, 99% used [0x00000000ef080000,0x00000000ef57cc40,0x00000000ef580000)
  to   space 5120K, 0% used [0x00000000eeb80000,0x00000000eeb80000,0x00000000ef080000)
 ParOldGen       total 86528K, used 5958K [0x00000000c0000000, 0x00000000c5480000, 0x00000000eaa80000)
  object space 86528K, 6% used [0x00000000c0000000,0x00000000c05d1b30,0x00000000c5480000)
 PSPermGen       total 21504K, used 5897K [0x00000000bae00000, 0x00000000bc300000, 0x00000000c0000000)
  object space 21504K, 27% used [0x00000000bae00000,0x00000000bb3c26f0,0x00000000bc300000)
}
Event: 4.022 GC heap before
{Heap before GC invocations=3 (full 0):
 PSYoungGen      total 71680K, used 71667K [0x00000000eaa80000, 0x00000000ef580000, 0x0000000100000000)
  eden space 66560K, 100% used [0x00000000eaa80000,0x00000000eeb80000,0x00000000eeb80000)
  from space 5120K, 99% used [0x00000000ef080000,0x00000000ef57cc40,0x00000000ef580000)
  to   space 5120K, 0% used [0x00000000eeb80000,0x00000000eeb80000,0x00000000ef080000)
 ParOldGen       total 86528K, used 5958K [0x00000000c0000000, 0x00000000c5480000, 0x00000000eaa80000)
  object space 86528K, 6% used [0x00000000c0000000,0x00000000c05d1b30,0x00000000c5480000)
 PSPermGen       total 21504K, used 5973K [0x00000000bae00000, 0x00000000bc300000, 0x00000000c0000000)
  object space 21504K, 27% used [0x00000000bae00000,0x00000000bb3d57b0,0x00000000bc300000)
Event: 4.518 GC heap after
Heap after GC invocations=3 (full 0):
 PSYoungGen      total 71680K, used 5114K [0x00000000eaa80000, 0x00000000f3680000, 0x0000000100000000)
  eden space 66560K, 0% used [0x00000000eaa80000,0x00000000eaa80000,0x00000000eeb80000)
  from space 5120K, 99% used [0x00000000eeb80000,0x00000000ef07eb08,0x00000000ef080000)
  to   space 5120K, 0% used [0x00000000f3180000,0x00000000f3180000,0x00000000f3680000)
 ParOldGen       total 86528K, used 16052K [0x00000000c0000000, 0x00000000c5480000, 0x00000000eaa80000)
  object space 86528K, 18% used [0x00000000c0000000,0x00000000c0fad270,0x00000000c5480000)
 PSPermGen       total 21504K, used 5973K [0x00000000bae00000, 0x00000000bc300000, 0x00000000c0000000)
  object space 21504K, 27% used [0x00000000bae00000,0x00000000bb3d57b0,0x00000000bc300000)
}

Deoptimization events (10 events):
Event: 3.251 Thread 0x00000000027a0800 Uncommon trap: reason=bimorphic action=maybe_recompile pc=0x00000000029c8038 method=com.android.dx.cf.code.BytecodeArray.parseInstruction(ILcom/android/dx/cf/code/BytecodeArray$Visitor;)I @ 1357
Event: 3.252 Thread 0x00000000027a0800 Uncommon trap: reason=bimorphic action=maybe_recompile pc=0x00000000029c8038 method=com.android.dx.cf.code.BytecodeArray.parseInstruction(ILcom/android/dx/cf/code/BytecodeArray$Visitor;)I @ 1357
Event: 3.580 Thread 0x00000000027a0800 Uncommon trap: reason=bimorphic action=maybe_recompile pc=0x00000000029e2570 method=com.android.dx.ssa.LiteralOpUpgrader.tryReplacingWithConstant(Lcom/android/dx/ssa/NormalSsaInsn;)Z @ 52
Event: 3.716 Thread 0x00000000027a0800 Uncommon trap: reason=class_check action=maybe_recompile pc=0x0000000002a264d4 method=com.android.dx.cf.code.RopperMachine.run(Lcom/android/dx/cf/code/Frame;II)V @ 1024
Event: 3.803 Thread 0x000000000ad57800 Uncommon trap: reason=bimorphic action=maybe_recompile pc=0x00000000029e2570 method=com.android.dx.ssa.LiteralOpUpgrader.tryReplacingWithConstant(Lcom/android/dx/ssa/NormalSsaInsn;)Z @ 52
Event: 3.804 Thread 0x000000000ad57800 Uncommon trap: reason=bimorphic action=maybe_recompile pc=0x00000000029e2570 method=com.android.dx.ssa.LiteralOpUpgrader.tryReplacingWithConstant(Lcom/android/dx/ssa/NormalSsaInsn;)Z @ 52
Event: 4.524 Thread 0x000000000ac97800 Uncommon trap: reason=bimorphic action=maybe_recompile pc=0x00000000029e2570 method=com.android.dx.ssa.LiteralOpUpgrader.tryReplacingWithConstant(Lcom/android/dx/ssa/NormalSsaInsn;)Z @ 52
Event: 4.580 Thread 0x000000000ac97800 Uncommon trap: reason=bimorphic action=maybe_recompile pc=0x00000000029e50f0 method=com.android.dx.ssa.LiteralOpUpgrader.tryReplacingWithConstant(Lcom/android/dx/ssa/NormalSsaInsn;)Z @ 52
Event: 4.722 Thread 0x000000000ad57800 Uncommon trap: reason=unreached action=reinterpret pc=0x000000000295c320 method=com.android.dx.ssa.LocalVariableExtractor.processBlock(I)V @ 251
Event: 4.830 Thread 0x00000000027a0800 Uncommon trap: reason=bimorphic action=maybe_recompile pc=0x0000000002a264ec method=com.android.dx.cf.code.RopperMachine.run(Lcom/android/dx/cf/code/Frame;II)V @ 310

Internal exceptions (10 events):
Event: 2.053 Thread 0x000000000ad58800 Implicit null exception at 0x0000000002955b38 to 0x0000000002956ec5
Event: 3.406 Thread 0x00000000027a0800 Threw 0x00000000eaf18e38 at C:\re\jdk7u79\2331\hotspot\src\share\vm\prims\jvm.cpp:1304
Event: 3.407 Thread 0x00000000027a0800 Threw 0x00000000eaf1b478 at C:\re\jdk7u79\2331\hotspot\src\share\vm\prims\jvm.cpp:1304
Event: 3.409 Thread 0x00000000027a0800 Threw 0x00000000eaf32770 at C:\re\jdk7u79\2331\hotspot\src\share\vm\prims\jvm.cpp:1304
Event: 3.410 Thread 0x00000000027a0800 Threw 0x00000000eaf34c20 at C:\re\jdk7u79\2331\hotspot\src\share\vm\prims\jvm.cpp:1304
Event: 3.437 Thread 0x000000000ac36800 Threw 0x00000000eb2c77d0 at C:\re\jdk7u79\2331\hotspot\src\share\vm\prims\jvm.cpp:1304
Event: 3.438 Thread 0x000000000ac36800 Threw 0x00000000eb2cd020 at C:\re\jdk7u79\2331\hotspot\src\share\vm\prims\jvm.cpp:1304
Event: 3.438 Thread 0x000000000ac36800 Threw 0x00000000eb2d2528 at C:\re\jdk7u79\2331\hotspot\src\share\vm\prims\jvm.cpp:1304
Event: 3.633 Thread 0x000000000ad58800 Threw 0x00000000ec531d28 at C:\re\jdk7u79\2331\hotspot\src\share\vm\prims\jvm.cpp:1304
Event: 4.826 Thread 0x00000000027a0800 Threw 0x00000000eb6f4778 at C:\re\jdk7u79\2331\hotspot\src\share\vm\prims\jvm.cpp:1304

Events (10 events):
Event: 4.580 Thread 0x000000000ac97800 DEOPT PACKING pc=0x00000000029e50f0 sp=0x000000000b5ae8d0
Event: 4.580 Thread 0x000000000ac97800 DEOPT UNPACKING pc=0x00000000028d9064 sp=0x000000000b5ae860 mode 2
Event: 4.722 Thread 0x000000000ad57800 Uncommon trap: trap_request=0xffffffad fr.pc=0x000000000295c320
Event: 4.722 Thread 0x000000000ad57800 DEOPT PACKING pc=0x000000000295c320 sp=0x000000000b7af120
Event: 4.722 Thread 0x000000000ad57800 DEOPT UNPACKING pc=0x00000000028d9064 sp=0x000000000b7af090 mode 2
Event: 4.826 loading class 0x000000000ab69510
Event: 4.826 loading class 0x000000000ab69510 done
Event: 4.830 Thread 0x00000000027a0800 Uncommon trap: trap_request=0xffffffc6 fr.pc=0x0000000002a264ec
Event: 4.830 Thread 0x00000000027a0800 DEOPT PACKING pc=0x0000000002a264ec sp=0x000000000279e5d0
Event: 4.830 Thread 0x00000000027a0800 DEOPT UNPACKING pc=0x00000000028d9064 sp=0x000000000279e540 mode 2


Dynamic libraries:
0x00007ff778b30000 - 0x00007ff778b63000 	C:\Program Files\Java\jdk1.7.0_79\bin\java.exe
0x00007ff8e8210000 - 0x00007ff8e83d1000 	C:\Windows\SYSTEM32\ntdll.dll
0x00007ff8e5d00000 - 0x00007ff8e5dad000 	C:\Windows\system32\KERNEL32.DLL
0x00007ff8e5700000 - 0x00007ff8e58dd000 	C:\Windows\system32\KERNELBASE.dll
0x00007ff8e7fb0000 - 0x00007ff8e8056000 	C:\Windows\system32\ADVAPI32.dll
0x00007ff8e5fa0000 - 0x00007ff8e603d000 	C:\Windows\system32\msvcrt.dll
0x00007ff8e5db0000 - 0x00007ff8e5e0b000 	C:\Windows\system32\sechost.dll
0x00007ff8e61a0000 - 0x00007ff8e62c6000 	C:\Windows\system32\RPCRT4.dll
0x00007ff8e6040000 - 0x00007ff8e618e000 	C:\Windows\system32\USER32.dll
0x00007ff8e5e10000 - 0x00007ff8e5f96000 	C:\Windows\system32\GDI32.dll
0x00007ff8d61b0000 - 0x00007ff8d6424000 	C:\Windows\WinSxS\amd64_microsoft.windows.common-controls_6595b64144ccf1df_6.0.10240.16384_none_f41f7b285750ef43\COMCTL32.dll
0x00007ff8e59c0000 - 0x00007ff8e59f6000 	C:\Windows\system32\IMM32.DLL
0x00007ff8e64a0000 - 0x00007ff8e65fc000 	C:\Windows\system32\MSCTF.dll
0x0000000059480000 - 0x0000000059552000 	C:\Program Files\Java\jdk1.7.0_79\jre\bin\msvcr100.dll
0x00000000599f0000 - 0x000000005a1c5000 	C:\Program Files\Java\jdk1.7.0_79\jre\bin\server\jvm.dll
0x00007ff8e5a70000 - 0x00007ff8e5a78000 	C:\Windows\system32\PSAPI.DLL
0x00007ff8e2d40000 - 0x00007ff8e2d63000 	C:\Windows\SYSTEM32\WINMM.dll
0x00007ff8c7a80000 - 0x00007ff8c7a89000 	C:\Windows\SYSTEM32\WSOCK32.dll
0x00007ff8e5a00000 - 0x00007ff8e5a69000 	C:\Windows\system32\WS2_32.dll
0x00007ff8e2ce0000 - 0x00007ff8e2d0c000 	C:\Windows\SYSTEM32\WINMMBASE.dll
0x00007ff8e67d0000 - 0x00007ff8e67d8000 	C:\Windows\system32\NSI.dll
0x00007ff8e4ce0000 - 0x00007ff8e4d24000 	C:\Windows\system32\cfgmgr32.dll
0x00007ff8e35b0000 - 0x00007ff8e35d7000 	C:\Windows\SYSTEM32\DEVOBJ.dll
0x0000000059900000 - 0x000000005990f000 	C:\Program Files\Java\jdk1.7.0_79\jre\bin\verify.dll
0x00000000598d0000 - 0x00000000598f8000 	C:\Program Files\Java\jdk1.7.0_79\jre\bin\java.dll
0x00000000598b0000 - 0x00000000598c5000 	C:\Program Files\Java\jdk1.7.0_79\jre\bin\zip.dll
0x0000000059890000 - 0x00000000598aa000 	C:\Program Files\Java\jdk1.7.0_79\jre\bin\net.dll
0x00007ff8e44b0000 - 0x00007ff8e450d000 	C:\Windows\system32\mswsock.dll
0x0000000059870000 - 0x0000000059881000 	C:\Program Files\Java\jdk1.7.0_79\jre\bin\nio.dll

VM Arguments:
jvm_args: -Xmx1024M -Dfile.encoding=windows-1252 -Duser.country=GB -Duser.language=en -Duser.variant 
java_command: com.android.dx.command.Main --dex --num-threads=4 --output D:\AndroidStudioProjects\GameNewsApp\app\build\intermediates\pre-dexed\debug\classes-675610c248b8ef0ccee5fe91bfbdadff1ecf619e.jar D:\AndroidStudioProjects\GameNewsApp\app\build\intermediates\exploded-aar\com.android.support\recyclerview-v7\23.1.0\jars\classes.jar
Launcher Type: SUN_STANDARD

Environment Variables:
PATH=C:\Windows\system32;C:\Windows;C:\Windows\System32\Wbem;C:\Windows\System32\WindowsPowerShell\v1.0\;C:\Program Files (x86)\ATI Technologies\ATI.ACE\Core-Static;C:\Program Files (x86)\Skype\Phone\
USERNAME=dudek
OS=Windows_NT
PROCESSOR_IDENTIFIER=AMD64 Family 21 Model 2 Stepping 0, AuthenticAMD



---------------  S Y S T E M  ---------------

OS: Windows 8.1 , 64 bit Build 9600 

CPU:total 8 (8 cores per cpu, 1 threads per core) family 21 model 2 stepping 0, cmov, cx8, fxsr, mmx, sse, sse2, sse3, ssse3, sse4.1, sse4.2, popcnt, avx, aes, mmxext, 3dnowpref, lzcnt, sse4a, tsc, tscinvbit, tscinv

Memory: 4k page, physical 8335400k(2180284k free), swap 9646120k(5340k free)

vm_info: Java HotSpot(TM) 64-Bit Server VM (24.79-b02) for windows-amd64 JRE (1.7.0_79-b15), built on Apr 10 2015 12:36:16 by "java_re" with unknown MS VC++:1600

time: Tue Nov 24 19:11:06 2015
elapsed time: 4 seconds

