#
# There is insufficient memory for the Java Runtime Environment to continue.
# Native memory allocation (malloc) failed to allocate 573296 bytes for Chunk::new
# Possible reasons:
#   The system is out of physical RAM or swap space
#   In 32 bit mode, the process size limit was hit
# Possible solutions:
#   Reduce memory load on the system
#   Increase physical memory or swap space
#   Check if swap backing store is full
#   Use 64 bit Java on a 64 bit OS
#   Decrease Java heap size (-Xmx/-Xms)
#   Decrease number of Java threads
#   Decrease Java thread stack sizes (-Xss)
#   Set larger code cache with -XX:ReservedCodeCacheSize=
# This output file may be truncated or incomplete.
#
#  Out of Memory Error (allocation.cpp:323), pid=42520, tid=41028
#
# JRE version: Java(TM) SE Runtime Environment (7.0_79-b15) (build 1.7.0_79-b15)
# Java VM: Java HotSpot(TM) 64-Bit Server VM (24.79-b02 mixed mode windows-amd64 compressed oops)
# Failed to write core dump. Minidumps are not enabled by default on client versions of Windows
#

---------------  T H R E A D  ---------------

Current thread (0x00000000025ed800):  JavaThread "C2 CompilerThread0" daemon [_thread_in_native, id=41028, stack(0x000000000af50000,0x000000000b050000)]

Stack: [0x000000000af50000,0x000000000b050000]
[error occurred during error reporting (printing stack bounds), id 0xc0000005]

Native frames: (J=compiled Java code, j=interpreted, Vv=VM code, C=native code)
C  0x000000000b04eb20


Current CompileTask:
C2:   4815  362             com.android.dx.rop.code.LocalVariableExtractor::processBlock (327 bytes)


---------------  P R O C E S S  ---------------

Java Threads: ( => current thread )
  0x000000000ac5a000 JavaThread "pool-1-thread-4" [_thread_blocked, id=38756, stack(0x000000000b750000,0x000000000b850000)]
  0x000000000ac72800 JavaThread "pool-1-thread-3" [_thread_in_Java, id=37080, stack(0x000000000b650000,0x000000000b750000)]
  0x000000000ac71800 JavaThread "pool-1-thread-2" [_thread_in_Java, id=39340, stack(0x000000000b550000,0x000000000b650000)]
  0x000000000ac71000 JavaThread "pool-2-thread-1" [_thread_blocked, id=37504, stack(0x000000000b450000,0x000000000b550000)]
  0x000000000abbf800 JavaThread "pool-1-thread-1" [_thread_in_Java, id=39740, stack(0x000000000b350000,0x000000000b450000)]
  0x00000000025fe000 JavaThread "Service Thread" daemon [_thread_blocked, id=39108, stack(0x000000000b150000,0x000000000b250000)]
  0x00000000025f9800 JavaThread "C2 CompilerThread1" daemon [_thread_blocked, id=34412, stack(0x000000000b050000,0x000000000b150000)]
=>0x00000000025ed800 JavaThread "C2 CompilerThread0" daemon [_thread_in_native, id=41028, stack(0x000000000af50000,0x000000000b050000)]
  0x00000000025ed000 JavaThread "Attach Listener" daemon [_thread_blocked, id=37280, stack(0x000000000ae50000,0x000000000af50000)]
  0x00000000025e8000 JavaThread "Signal Dispatcher" daemon [_thread_blocked, id=35856, stack(0x000000000ad50000,0x000000000ae50000)]
  0x0000000008950000 JavaThread "Finalizer" daemon [_thread_blocked, id=42972, stack(0x000000000a850000,0x000000000a950000)]
  0x0000000008949000 JavaThread "Reference Handler" daemon [_thread_blocked, id=42968, stack(0x000000000a750000,0x000000000a850000)]
  0x0000000002500800 JavaThread "main" [_thread_blocked, id=42784, stack(0x00000000023e0000,0x00000000024e0000)]

Other Threads:
  0x0000000008945800 VMThread [stack: 0x000000000a650000,0x000000000a750000] [id=42964]
  0x000000000a97d000 WatcherThread [stack: 0x000000000b250000,0x000000000b350000] [id=41884]

VM state:synchronizing (normal execution)

VM Mutex/Monitor currently owned by a thread:  ([mutex/lock_event])
[0x00000000024fc280] Safepoint_lock - owner thread: 0x0000000008945800
[0x00000000024fc380] Threads_lock - owner thread: 0x0000000008945800
[0x00000000024fc800] Heap_lock - owner thread: 0x000000000ac5a000

Heap
 PSYoungGen      total 38400K, used 38380K [0x00000000eaa80000, 0x00000000ef580000, 0x0000000100000000)
  eden space 33280K, 100% used [0x00000000eaa80000,0x00000000ecb00000,0x00000000ecb00000)
  from space 5120K, 99% used [0x00000000ecb00000,0x00000000ecffb100,0x00000000ed000000)
  to   space 5120K, 0% used [0x00000000ef080000,0x00000000ef080000,0x00000000ef580000)
 ParOldGen       total 86528K, used 999K [0x00000000c0000000, 0x00000000c5480000, 0x00000000eaa80000)
  object space 86528K, 1% used [0x00000000c0000000,0x00000000c00f9f68,0x00000000c5480000)
 PSPermGen       total 21504K, used 5918K [0x00000000bae00000, 0x00000000bc300000, 0x00000000c0000000)
  object space 21504K, 27% used [0x00000000bae00000,0x00000000bb3c7a90,0x00000000bc300000)

Card table byte_map: [0x00000000056c0000,0x00000000058f0000] byte_map_base: 0x00000000050e9000

Polling page: 0x0000000000b80000

Code Cache  [0x0000000002600000, 0x0000000002870000, 0x0000000005600000)
 total_blobs=596 nmethods=360 adapters=189 free_code_cache=47721Kb largest_free_block=48825152

Compilation events (10 events):
Event: 4.708 Thread 0x00000000025f9800 nmethod 357 0x0000000002758c90 code [0x0000000002758de0, 0x0000000002758ed8]
Event: 4.708 Thread 0x00000000025f9800  358             com.android.dx.ssa.LocalVariableExtractor::doit (59 bytes)
Event: 4.714 Thread 0x00000000025f9800 nmethod 358 0x0000000002758550 code [0x00000000027586a0, 0x0000000002758988]
Event: 4.714 Thread 0x00000000025f9800  359             com.android.dx.ssa.SsaMethod::makeExitBlock (134 bytes)
Event: 4.756 Thread 0x00000000025f9800 nmethod 359 0x0000000002759b90 code [0x0000000002759de0, 0x000000000275af60]
Event: 4.756 Thread 0x00000000025f9800  360             com.android.dx.ssa.back.SsaToRop::convertBasicBlocks (151 bytes)
Event: 4.767 Thread 0x00000000025ed800 nmethod 349 0x0000000002768250 code [0x0000000002768620, 0x000000000276b560]
Event: 4.769 Thread 0x00000000025ed800  361             com.android.dx.ssa.SsaMethod::getCountReachableBlocks (44 bytes)
Event: 4.774 Thread 0x00000000025ed800 nmethod 361 0x000000000275cd10 code [0x000000000275ce60, 0x000000000275d0a8]
Event: 4.774 Thread 0x00000000025ed800  362             com.android.dx.rop.code.LocalVariableExtractor::processBlock (327 bytes)

GC Heap History (2 events):
Event: 2.384 GC heap before
{Heap before GC invocations=1 (full 0):
 PSYoungGen      total 38400K, used 33280K [0x00000000eaa80000, 0x00000000ed500000, 0x0000000100000000)
  eden space 33280K, 100% used [0x00000000eaa80000,0x00000000ecb00000,0x00000000ecb00000)
  from space 5120K, 0% used [0x00000000ed000000,0x00000000ed000000,0x00000000ed500000)
  to   space 5120K, 0% used [0x00000000ecb00000,0x00000000ecb00000,0x00000000ed000000)
 ParOldGen       total 86528K, used 0K [0x00000000c0000000, 0x00000000c5480000, 0x00000000eaa80000)
  object space 86528K, 0% used [0x00000000c0000000,0x00000000c0000000,0x00000000c5480000)
 PSPermGen       total 21504K, used 5834K [0x00000000bae00000, 0x00000000bc300000, 0x00000000c0000000)
  object space 21504K, 27% used [0x00000000bae00000,0x00000000bb3b28c8,0x00000000bc300000)
Event: 2.580 GC heap after
Heap after GC invocations=1 (full 0):
 PSYoungGen      total 38400K, used 5100K [0x00000000eaa80000, 0x00000000ef580000, 0x0000000100000000)
  eden space 33280K, 0% used [0x00000000eaa80000,0x00000000eaa80000,0x00000000ecb00000)
  from space 5120K, 99% used [0x00000000ecb00000,0x00000000ecffb100,0x00000000ed000000)
  to   space 5120K, 0% used [0x00000000ef080000,0x00000000ef080000,0x00000000ef580000)
 ParOldGen       total 86528K, used 999K [0x00000000c0000000, 0x00000000c5480000, 0x00000000eaa80000)
  object space 86528K, 1% used [0x00000000c0000000,0x00000000c00f9f68,0x00000000c5480000)
 PSPermGen       total 21504K, used 5834K [0x00000000bae00000, 0x00000000bc300000, 0x00000000c0000000)
  object space 21504K, 27% used [0x00000000bae00000,0x00000000bb3b28c8,0x00000000bc300000)
}

Deoptimization events (10 events):
Event: 3.554 Thread 0x000000000ac72800 Uncommon trap: reason=bimorphic action=maybe_recompile pc=0x00000000026df41c method=java.util.HashMap.put(Ljava/lang/Object;Ljava/lang/Object;)Ljava/lang/Object; @ 83
Event: 3.554 Thread 0x000000000ac72800 Uncommon trap: reason=unreached action=reinterpret pc=0x0000000002685084 method=com.android.dx.rop.cst.Constant.compareTo(Lcom/android/dx/rop/cst/Constant;)I @ 12
Event: 3.577 Thread 0x000000000ac5a000 Uncommon trap: reason=unreached action=reinterpret pc=0x0000000002709174 method=com.android.dx.util.LabeledList.set(ILcom/android/dx/util/LabeledItem;)V @ 16
Event: 3.577 Thread 0x000000000ac5a000 Uncommon trap: reason=unreached action=reinterpret pc=0x00000000026f4fb8 method=com.android.dx.util.LabeledList.set(ILcom/android/dx/util/LabeledItem;)V @ 16
Event: 4.111 Thread 0x000000000ac71800 Uncommon trap: reason=unreached action=reinterpret pc=0x00000000026f6854 method=com.android.dx.cf.code.BaseMachine.getLocalTarget(Z)Lcom/android/dx/rop/code/RegisterSpec; @ 131
Event: 4.570 Thread 0x000000000ac71800 Uncommon trap: reason=unreached action=reinterpret pc=0x00000000026baa1c method=com.android.dx.ssa.LocalVariableExtractor.processBlock(I)V @ 251
Event: 4.718 Thread 0x000000000ac72800 Uncommon trap: reason=unreached action=reinterpret pc=0x00000000026d2a9c method=com.android.dx.ssa.SCCP.simulateBranch(Lcom/android/dx/ssa/SsaInsn;)V @ 132
Event: 4.725 Thread 0x000000000ac72800 Uncommon trap: reason=bimorphic action=maybe_recompile pc=0x00000000027461e0 method=com.android.dx.ssa.LiteralOpUpgrader.tryReplacingWithConstant(Lcom/android/dx/ssa/NormalSsaInsn;)Z @ 52
Event: 4.731 Thread 0x000000000ac72800 Uncommon trap: reason=bimorphic action=maybe_recompile pc=0x00000000027461e0 method=com.android.dx.ssa.LiteralOpUpgrader.tryReplacingWithConstant(Lcom/android/dx/ssa/NormalSsaInsn;)Z @ 52
Event: 4.731 Thread 0x000000000ac72800 Uncommon trap: reason=bimorphic action=maybe_recompile pc=0x00000000027461e0 method=com.android.dx.ssa.LiteralOpUpgrader.tryReplacingWithConstant(Lcom/android/dx/ssa/NormalSsaInsn;)Z @ 52

Internal exceptions (10 events):
Event: 0.612 Thread 0x0000000002500800 Threw 0x00000000eb741aa8 at C:\re\jdk7u79\2331\hotspot\src\share\vm\prims\jvm.cpp:1304
Event: 0.715 Thread 0x000000000ac71800 Threw 0x00000000ebc2b598 at C:\re\jdk7u79\2331\hotspot\src\share\vm\prims\jvm.cpp:1304
Event: 0.827 Thread 0x000000000ac72800 Threw 0x00000000ebb1ec08 at C:\re\jdk7u79\2331\hotspot\src\share\vm\prims\jvm.cpp:1304
Event: 1.080 Thread 0x000000000ac72800 Threw 0x00000000ebcd0680 at C:\re\jdk7u79\2331\hotspot\src\share\vm\prims\jvm.cpp:1304
Event: 1.125 Thread 0x000000000ac71800 Implicit null exception at 0x0000000002683e98 to 0x00000000026841f9
Event: 1.240 Thread 0x000000000abbf800 Threw 0x00000000ec019e50 at C:\re\jdk7u79\2331\hotspot\src\share\vm\prims\jvm.cpp:1304
Event: 1.490 Thread 0x000000000ac5a000 Threw 0x00000000ec4002c8 at C:\re\jdk7u79\2331\hotspot\src\share\vm\prims\jvm.cpp:1304
Event: 3.175 Thread 0x0000000002500800 Implicit null exception at 0x00000000026d62b7 to 0x00000000026d6995
Event: 3.194 Thread 0x000000000ac5a000 Implicit null exception at 0x00000000026c2048 to 0x00000000026c30f9
Event: 4.670 Thread 0x0000000002500800 Threw 0x00000000ebf67ac0 at C:\re\jdk7u79\2331\hotspot\src\share\vm\prims\jvm.cpp:1304

Events (10 events):
Event: 4.718 Thread 0x000000000ac72800 DEOPT UNPACKING pc=0x0000000002639064 sp=0x000000000b74ec28 mode 2
Event: 4.725 Thread 0x000000000ac72800 Uncommon trap: trap_request=0xffffffc6 fr.pc=0x00000000027461e0
Event: 4.725 Thread 0x000000000ac72800 DEOPT PACKING pc=0x00000000027461e0 sp=0x000000000b74ec40
Event: 4.725 Thread 0x000000000ac72800 DEOPT UNPACKING pc=0x0000000002639064 sp=0x000000000b74eb60 mode 2
Event: 4.731 Thread 0x000000000ac72800 Uncommon trap: trap_request=0xffffffc6 fr.pc=0x00000000027461e0
Event: 4.731 Thread 0x000000000ac72800 DEOPT PACKING pc=0x00000000027461e0 sp=0x000000000b74ec40
Event: 4.731 Thread 0x000000000ac72800 DEOPT UNPACKING pc=0x0000000002639064 sp=0x000000000b74eb60 mode 2
Event: 4.731 Thread 0x000000000ac72800 Uncommon trap: trap_request=0xffffffc6 fr.pc=0x00000000027461e0
Event: 4.731 Thread 0x000000000ac72800 DEOPT PACKING pc=0x00000000027461e0 sp=0x000000000b74ec40
Event: 4.731 Thread 0x000000000ac72800 DEOPT UNPACKING pc=0x0000000002639064 sp=0x000000000b74eb60 mode 2


Dynamic libraries:
0x00007ff778b30000 - 0x00007ff778b63000 	C:\Program Files\Java\jdk1.7.0_79\bin\java.exe
0x00007ff8e8210000 - 0x00007ff8e83d1000 	C:\Windows\SYSTEM32\ntdll.dll
0x00007ff8e5d00000 - 0x00007ff8e5dad000 	C:\Windows\system32\KERNEL32.DLL
0x00007ff8e5700000 - 0x00007ff8e58dd000 	C:\Windows\system32\KERNELBASE.dll
0x00007ff8e7fb0000 - 0x00007ff8e8056000 	C:\Windows\system32\ADVAPI32.dll
0x00007ff8e5fa0000 - 0x00007ff8e603d000 	C:\Windows\system32\msvcrt.dll
0x00007ff8e5db0000 - 0x00007ff8e5e0b000 	C:\Windows\system32\sechost.dll
0x00007ff8e61a0000 - 0x00007ff8e62c6000 	C:\Windows\system32\RPCRT4.dll
0x00007ff8e6040000 - 0x00007ff8e618e000 	C:\Windows\system32\USER32.dll
0x00007ff8e5e10000 - 0x00007ff8e5f96000 	C:\Windows\system32\GDI32.dll
0x00007ff8d61b0000 - 0x00007ff8d6424000 	C:\Windows\WinSxS\amd64_microsoft.windows.common-controls_6595b64144ccf1df_6.0.10240.16384_none_f41f7b285750ef43\COMCTL32.dll
0x00007ff8e59c0000 - 0x00007ff8e59f6000 	C:\Windows\system32\IMM32.DLL
0x00007ff8e64a0000 - 0x00007ff8e65fc000 	C:\Windows\system32\MSCTF.dll
0x0000000059480000 - 0x0000000059552000 	C:\Program Files\Java\jdk1.7.0_79\jre\bin\msvcr100.dll
0x00000000599f0000 - 0x000000005a1c5000 	C:\Program Files\Java\jdk1.7.0_79\jre\bin\server\jvm.dll
0x00007ff8e5a70000 - 0x00007ff8e5a78000 	C:\Windows\system32\PSAPI.DLL
0x00007ff8c7a80000 - 0x00007ff8c7a89000 	C:\Windows\SYSTEM32\WSOCK32.dll
0x00007ff8e5a00000 - 0x00007ff8e5a69000 	C:\Windows\system32\WS2_32.dll
0x00007ff8e67d0000 - 0x00007ff8e67d8000 	C:\Windows\system32\NSI.dll
0x00007ff8e2d40000 - 0x00007ff8e2d63000 	C:\Windows\SYSTEM32\WINMM.dll
0x0000000002370000 - 0x000000000239c000 	C:\Windows\SYSTEM32\WINMMBASE.dll
0x00007ff8e4ce0000 - 0x00007ff8e4d24000 	C:\Windows\system32\cfgmgr32.dll
0x00007ff8e35b0000 - 0x00007ff8e35d7000 	C:\Windows\SYSTEM32\DEVOBJ.dll
0x0000000059900000 - 0x000000005990f000 	C:\Program Files\Java\jdk1.7.0_79\jre\bin\verify.dll
0x00000000598d0000 - 0x00000000598f8000 	C:\Program Files\Java\jdk1.7.0_79\jre\bin\java.dll
0x00000000598b0000 - 0x00000000598c5000 	C:\Program Files\Java\jdk1.7.0_79\jre\bin\zip.dll
0x0000000059890000 - 0x00000000598aa000 	C:\Program Files\Java\jdk1.7.0_79\jre\bin\net.dll
0x00007ff8e44b0000 - 0x00007ff8e450d000 	C:\Windows\system32\mswsock.dll
0x0000000059870000 - 0x0000000059881000 	C:\Program Files\Java\jdk1.7.0_79\jre\bin\nio.dll
0x00007ff8d58b0000 - 0x00007ff8d5a3a000 	C:\Windows\SYSTEM32\dbghelp.dll

VM Arguments:
jvm_args: -Xmx1024M -Dfile.encoding=windows-1252 -Duser.country=GB -Duser.language=en -Duser.variant 
java_command: com.android.dx.command.Main --dex --num-threads=4 --output D:\AndroidStudioProjects\GameNewsApp\app\build\intermediates\pre-dexed\debug\classes-c351d85592243dda720b13a9168b760082897fbd.jar D:\AndroidStudioProjects\GameNewsApp\app\build\intermediates\exploded-aar\com.android.support\appcompat-v7\23.1.0\jars\classes.jar
Launcher Type: SUN_STANDARD

Environment Variables:
PATH=C:\Windows\system32;C:\Windows;C:\Windows\System32\Wbem;C:\Windows\System32\WindowsPowerShell\v1.0\;C:\Program Files (x86)\ATI Technologies\ATI.ACE\Core-Static;C:\Program Files (x86)\Skype\Phone\
USERNAME=dudek
OS=Windows_NT
PROCESSOR_IDENTIFIER=AMD64 Family 21 Model 2 Stepping 0, AuthenticAMD



---------------  S Y S T E M  ---------------

OS: Windows 8.1 , 64 bit Build 9600 

CPU:total 8 (8 cores per cpu, 1 threads per core) family 21 model 2 stepping 0, cmov, cx8, fxsr, mmx, sse, sse2, sse3, ssse3, sse4.1, sse4.2, popcnt, avx, aes, mmxext, 3dnowpref, lzcnt, sse4a, tsc, tscinvbit, tscinv

Memory: 4k page, physical 8335400k(2179736k free), swap 9646120k(5124k free)

vm_info: Java HotSpot(TM) 64-Bit Server VM (24.79-b02) for windows-amd64 JRE (1.7.0_79-b15), built on Apr 10 2015 12:36:16 by "java_re" with unknown MS VC++:1600

time: Tue Nov 24 19:11:06 2015
elapsed time: 4 seconds

