#
# There is insufficient memory for the Java Runtime Environment to continue.
# Native memory allocation (malloc) failed to allocate 1309136 bytes for Chunk::new
# Possible reasons:
#   The system is out of physical RAM or swap space
#   In 32 bit mode, the process size limit was hit
# Possible solutions:
#   Reduce memory load on the system
#   Increase physical memory or swap space
#   Check if swap backing store is full
#   Use 64 bit Java on a 64 bit OS
#   Decrease Java heap size (-Xmx/-Xms)
#   Decrease number of Java threads
#   Decrease Java thread stack sizes (-Xss)
#   Set larger code cache with -XX:ReservedCodeCacheSize=
# This output file may be truncated or incomplete.
#
#  Out of Memory Error (allocation.cpp:323), pid=42472, tid=41760
#
# JRE version: Java(TM) SE Runtime Environment (7.0_79-b15) (build 1.7.0_79-b15)
# Java VM: Java HotSpot(TM) 64-Bit Server VM (24.79-b02 mixed mode windows-amd64 compressed oops)
# Failed to write core dump. Minidumps are not enabled by default on client versions of Windows
#

---------------  T H R E A D  ---------------

Current thread (0x0000000002505800):  JavaThread "C2 CompilerThread0" daemon [_thread_in_native, id=41760, stack(0x000000000ade0000,0x000000000aee0000)]

Stack: [0x000000000ade0000,0x000000000aee0000]
[error occurred during error reporting (printing stack bounds), id 0xc0000005]


Current CompileTask:
C2:   4819  470   !         com.android.dx.cf.code.Ropper::processBlock (1101 bytes)


---------------  P R O C E S S  ---------------

Java Threads: ( => current thread )
  0x000000000a9c5800 JavaThread "pool-1-thread-4" [_thread_blocked, id=40388, stack(0x000000000b5e0000,0x000000000b6e0000)]
  0x000000000a9c3000 JavaThread "pool-1-thread-3" [_thread_blocked, id=41956, stack(0x000000000b4e0000,0x000000000b5e0000)]
  0x000000000aac4000 JavaThread "pool-1-thread-2" [_thread_blocked, id=41544, stack(0x000000000b3e0000,0x000000000b4e0000)]
  0x000000000aa11000 JavaThread "pool-2-thread-1" [_thread_blocked, id=33900, stack(0x000000000b2e0000,0x000000000b3e0000)]
  0x000000000aa13000 JavaThread "pool-1-thread-1" [_thread_blocked_trans, id=39688, stack(0x000000000b1e0000,0x000000000b2e0000)]
  0x000000000a802800 JavaThread "Service Thread" daemon [_thread_blocked, id=41616, stack(0x000000000afe0000,0x000000000b0e0000)]
  0x000000000a802000 JavaThread "C2 CompilerThread1" daemon [_thread_in_native, id=35660, stack(0x000000000aee0000,0x000000000afe0000)]
=>0x0000000002505800 JavaThread "C2 CompilerThread0" daemon [_thread_in_native, id=41760, stack(0x000000000ade0000,0x000000000aee0000)]
  0x0000000002505000 JavaThread "Attach Listener" daemon [_thread_blocked, id=41248, stack(0x000000000ace0000,0x000000000ade0000)]
  0x0000000002500000 JavaThread "Signal Dispatcher" daemon [_thread_blocked, id=30156, stack(0x000000000abe0000,0x000000000ace0000)]
  0x0000000008810000 JavaThread "Finalizer" daemon [_thread_blocked, id=42948, stack(0x000000000a6e0000,0x000000000a7e0000)]
  0x0000000008809800 JavaThread "Reference Handler" daemon [_thread_blocked, id=42944, stack(0x000000000a5e0000,0x000000000a6e0000)]
  0x0000000002410800 JavaThread "main" [_thread_blocked, id=42688, stack(0x0000000002310000,0x0000000002410000)]

Other Threads:
  0x0000000008805800 VMThread [stack: 0x000000000a4e0000,0x000000000a5e0000] [id=42904]
  0x000000000a80e800 WatcherThread [stack: 0x000000000b0e0000,0x000000000b1e0000] [id=41364]

VM state:not at safepoint (normal execution)

VM Mutex/Monitor currently owned by a thread:  ([mutex/lock_event])
[0x000000000226c300] Heap_lock - owner thread: 0x0000000002410800

Heap
 PSYoungGen      total 71680K, used 5116K [0x00000000eaa80000, 0x00000000f3680000, 0x0000000100000000)
  eden space 66560K, 0% used [0x00000000eaa80000,0x00000000eaa80038,0x00000000eeb80000)
  from space 5120K, 99% used [0x00000000eeb80000,0x00000000ef07f010,0x00000000ef080000)
  to   space 5120K, 0% used [0x00000000f3180000,0x00000000f3180000,0x00000000f3680000)
 ParOldGen       total 86528K, used 13483K [0x00000000c0000000, 0x00000000c5480000, 0x00000000eaa80000)
  object space 86528K, 15% used [0x00000000c0000000,0x00000000c0d2ac20,0x00000000c5480000)
 PSPermGen       total 21504K, used 5968K [0x00000000bae00000, 0x00000000bc300000, 0x00000000c0000000)
  object space 21504K, 27% used [0x00000000bae00000,0x00000000bb3d4200,0x00000000bc300000)

Card table byte_map: [0x00000000055d0000,0x0000000005800000] byte_map_base: 0x0000000004ff9000

Polling page: 0x0000000000a20000

Code Cache  [0x0000000002510000, 0x0000000002780000, 0x0000000005510000)
 total_blobs=718 nmethods=482 adapters=189 free_code_cache=47127Kb largest_free_block=48224640

Compilation events (10 events):
Event: 4.410 Thread 0x000000000a802000 nmethod 478 0x000000000270b7d0 code [0x000000000270b900, 0x000000000270b958]
Event: 4.410 Thread 0x000000000a802000  479             com.android.dx.rop.code.RegisterSpec::<init> (8 bytes)
Event: 4.411 Thread 0x000000000a802000 nmethod 479 0x000000000270b550 code [0x000000000270b680, 0x000000000270b718]
Event: 4.411 Thread 0x000000000a802000  480             com.android.dx.rop.code.RegisterSpec::<init> (48 bytes)
Event: 4.412 Thread 0x000000000a802000 nmethod 480 0x000000000270b2d0 code [0x000000000270b400, 0x000000000270b498]
Event: 4.412 Thread 0x000000000a802000  481             com.android.dx.cf.code.ConcreteMethod::getCatches (8 bytes)
Event: 4.412 Thread 0x000000000a802000 nmethod 481 0x000000000270b090 code [0x000000000270b1c0, 0x000000000270b238]
Event: 4.412 Thread 0x000000000a802000  482             com.android.dx.ssa.InterferenceRegisterMapper::addInterfence (62 bytes)
Event: 4.456 Thread 0x000000000a802000 nmethod 482 0x0000000002711150 code [0x0000000002711320, 0x0000000002711c10]
Event: 4.456 Thread 0x000000000a802000  483   !         com.android.dx.cf.code.BytecodeArray::parseInstruction (2764 bytes)

GC Heap History (6 events):
Event: 1.426 GC heap before
{Heap before GC invocations=1 (full 0):
 PSYoungGen      total 38400K, used 33280K [0x00000000eaa80000, 0x00000000ed500000, 0x0000000100000000)
  eden space 33280K, 100% used [0x00000000eaa80000,0x00000000ecb00000,0x00000000ecb00000)
  from space 5120K, 0% used [0x00000000ed000000,0x00000000ed000000,0x00000000ed500000)
  to   space 5120K, 0% used [0x00000000ecb00000,0x00000000ecb00000,0x00000000ed000000)
 ParOldGen       total 86528K, used 0K [0x00000000c0000000, 0x00000000c5480000, 0x00000000eaa80000)
  object space 86528K, 0% used [0x00000000c0000000,0x00000000c0000000,0x00000000c5480000)
 PSPermGen       total 21504K, used 5734K [0x00000000bae00000, 0x00000000bc300000, 0x00000000c0000000)
  object space 21504K, 26% used [0x00000000bae00000,0x00000000bb399b78,0x00000000bc300000)
Event: 1.557 GC heap after
Heap after GC invocations=1 (full 0):
 PSYoungGen      total 38400K, used 4935K [0x00000000eaa80000, 0x00000000ef580000, 0x0000000100000000)
  eden space 33280K, 0% used [0x00000000eaa80000,0x00000000eaa80000,0x00000000ecb00000)
  from space 5120K, 96% used [0x00000000ecb00000,0x00000000ecfd1cd0,0x00000000ed000000)
  to   space 5120K, 0% used [0x00000000ef080000,0x00000000ef080000,0x00000000ef580000)
 ParOldGen       total 86528K, used 8K [0x00000000c0000000, 0x00000000c5480000, 0x00000000eaa80000)
  object space 86528K, 0% used [0x00000000c0000000,0x00000000c0002000,0x00000000c5480000)
 PSPermGen       total 21504K, used 5734K [0x00000000bae00000, 0x00000000bc300000, 0x00000000c0000000)
  object space 21504K, 26% used [0x00000000bae00000,0x00000000bb399b78,0x00000000bc300000)
}
Event: 2.413 GC heap before
{Heap before GC invocations=2 (full 0):
 PSYoungGen      total 38400K, used 38215K [0x00000000eaa80000, 0x00000000ef580000, 0x0000000100000000)
  eden space 33280K, 100% used [0x00000000eaa80000,0x00000000ecb00000,0x00000000ecb00000)
  from space 5120K, 96% used [0x00000000ecb00000,0x00000000ecfd1cd0,0x00000000ed000000)
  to   space 5120K, 0% used [0x00000000ef080000,0x00000000ef080000,0x00000000ef580000)
 ParOldGen       total 86528K, used 8K [0x00000000c0000000, 0x00000000c5480000, 0x00000000eaa80000)
  object space 86528K, 0% used [0x00000000c0000000,0x00000000c0002000,0x00000000c5480000)
 PSPermGen       total 21504K, used 5910K [0x00000000bae00000, 0x00000000bc300000, 0x00000000c0000000)
  object space 21504K, 27% used [0x00000000bae00000,0x00000000bb3c5b88,0x00000000bc300000)
Event: 2.686 GC heap after
Heap after GC invocations=2 (full 0):
 PSYoungGen      total 71680K, used 5117K [0x00000000eaa80000, 0x00000000ef580000, 0x0000000100000000)
  eden space 66560K, 0% used [0x00000000eaa80000,0x00000000eaa80000,0x00000000eeb80000)
  from space 5120K, 99% used [0x00000000ef080000,0x00000000ef57f6d0,0x00000000ef580000)
  to   space 5120K, 0% used [0x00000000eeb80000,0x00000000eeb80000,0x00000000ef080000)
 ParOldGen       total 86528K, used 3022K [0x00000000c0000000, 0x00000000c5480000, 0x00000000eaa80000)
  object space 86528K, 3% used [0x00000000c0000000,0x00000000c02f3bd8,0x00000000c5480000)
 PSPermGen       total 21504K, used 5910K [0x00000000bae00000, 0x00000000bc300000, 0x00000000c0000000)
  object space 21504K, 27% used [0x00000000bae00000,0x00000000bb3c5b88,0x00000000bc300000)
}
Event: 4.471 GC heap before
{Heap before GC invocations=3 (full 0):
 PSYoungGen      total 71680K, used 71677K [0x00000000eaa80000, 0x00000000ef580000, 0x0000000100000000)
  eden space 66560K, 100% used [0x00000000eaa80000,0x00000000eeb80000,0x00000000eeb80000)
  from space 5120K, 99% used [0x00000000ef080000,0x00000000ef57f6d0,0x00000000ef580000)
  to   space 5120K, 0% used [0x00000000eeb80000,0x00000000eeb80000,0x00000000ef080000)
 ParOldGen       total 86528K, used 3022K [0x00000000c0000000, 0x00000000c5480000, 0x00000000eaa80000)
  object space 86528K, 3% used [0x00000000c0000000,0x00000000c02f3bd8,0x00000000c5480000)
 PSPermGen       total 21504K, used 5968K [0x00000000bae00000, 0x00000000bc300000, 0x00000000c0000000)
  object space 21504K, 27% used [0x00000000bae00000,0x00000000bb3d4200,0x00000000bc300000)
Event: 4.816 GC heap after
Heap after GC invocations=3 (full 0):
 PSYoungGen      total 71680K, used 5116K [0x00000000eaa80000, 0x00000000f3680000, 0x0000000100000000)
  eden space 66560K, 0% used [0x00000000eaa80000,0x00000000eaa80000,0x00000000eeb80000)
  from space 5120K, 99% used [0x00000000eeb80000,0x00000000ef07f010,0x00000000ef080000)
  to   space 5120K, 0% used [0x00000000f3180000,0x00000000f3180000,0x00000000f3680000)
 ParOldGen       total 86528K, used 13483K [0x00000000c0000000, 0x00000000c5480000, 0x00000000eaa80000)
  object space 86528K, 15% used [0x00000000c0000000,0x00000000c0d2ac20,0x00000000c5480000)
 PSPermGen       total 21504K, used 5968K [0x00000000bae00000, 0x00000000bc300000, 0x00000000c0000000)
  object space 21504K, 27% used [0x00000000bae00000,0x00000000bb3d4200,0x00000000bc300000)
}

Deoptimization events (10 events):
Event: 3.947 Thread 0x000000000a9c3000 Uncommon trap: reason=bimorphic action=maybe_recompile pc=0x0000000002648604 method=com.android.dx.cf.code.BytecodeArray.parseInstruction(ILcom/android/dx/cf/code/BytecodeArray$Visitor;)I @ 1224
Event: 3.947 Thread 0x000000000a9c3000 Uncommon trap: reason=unreached action=reinterpret pc=0x00000000026d3dd4 method=com.android.dx.cf.code.RopperMachine.run(Lcom/android/dx/cf/code/Frame;II)V @ 1500
Event: 4.004 Thread 0x000000000aa13000 Uncommon trap: reason=class_check action=maybe_recompile pc=0x00000000025dae10 method=java.util.HashMap.put(Ljava/lang/Object;Ljava/lang/Object;)Ljava/lang/Object; @ 83
Event: 4.004 Thread 0x000000000aa13000 Uncommon trap: reason=class_check action=maybe_recompile pc=0x00000000025dae10 method=java.util.HashMap.put(Ljava/lang/Object;Ljava/lang/Object;)Ljava/lang/Object; @ 83
Event: 4.004 Thread 0x000000000aa13000 Uncommon trap: reason=class_check action=maybe_recompile pc=0x00000000025dae10 method=java.util.HashMap.put(Ljava/lang/Object;Ljava/lang/Object;)Ljava/lang/Object; @ 83
Event: 4.004 Thread 0x000000000aa13000 Uncommon trap: reason=class_check action=maybe_recompile pc=0x00000000025dae10 method=java.util.HashMap.put(Ljava/lang/Object;Ljava/lang/Object;)Ljava/lang/Object; @ 83
Event: 4.028 Thread 0x000000000a9c3000 Uncommon trap: reason=unreached action=reinterpret pc=0x00000000025e99c0 method=com.android.dx.ssa.SCCP.simulateBranch(Lcom/android/dx/ssa/SsaInsn;)V @ 132
Event: 4.029 Thread 0x000000000a9c3000 Uncommon trap: reason=unloaded action=reinterpret pc=0x000000000266b854 method=com.android.dx.ssa.LiteralOpUpgrader$1.visitNonMoveInsn(Lcom/android/dx/ssa/NormalSsaInsn;)V @ 72
Event: 4.316 Thread 0x000000000aac4000 Uncommon trap: reason=class_check action=maybe_recompile pc=0x00000000026be634 method=com.android.dx.ssa.PhiTypeResolver.run()V @ 151
Event: 4.398 Thread 0x000000000a9c3000 Uncommon trap: reason=class_check action=maybe_recompile pc=0x00000000026be634 method=com.android.dx.ssa.PhiTypeResolver.run()V @ 151

Internal exceptions (10 events):
Event: 0.795 Thread 0x000000000a9c3000 Threw 0x00000000ebcaf7f8 at C:\re\jdk7u79\2331\hotspot\src\share\vm\prims\jvm.cpp:1304
Event: 0.820 Thread 0x0000000002410800 Threw 0x00000000ec1e0e10 at C:\re\jdk7u79\2331\hotspot\src\share\vm\prims\jvm.cpp:1304
Event: 0.820 Thread 0x0000000002410800 Threw 0x00000000ec1e31c0 at C:\re\jdk7u79\2331\hotspot\src\share\vm\prims\jvm.cpp:1304
Event: 1.010 Thread 0x0000000002410800 Threw 0x00000000ec508708 at C:\re\jdk7u79\2331\hotspot\src\share\vm\prims\jvm.cpp:1304
Event: 1.677 Thread 0x000000000a9c3000 Threw 0x00000000eaed5c90 at C:\re\jdk7u79\2331\hotspot\src\share\vm\prims\jvm.cpp:1304
Event: 2.081 Thread 0x000000000aac4000 Implicit null exception at 0x00000000025d1a19 to 0x00000000025d2da5
Event: 2.118 Thread 0x0000000002410800 Implicit null exception at 0x00000000025d7a03 to 0x00000000025d80e5
Event: 3.957 Thread 0x000000000a9c5800 Threw 0x00000000ec9fa800 at C:\re\jdk7u79\2331\hotspot\src\share\vm\prims\jvm.cpp:1304
Event: 4.021 Thread 0x0000000002410800 Threw 0x00000000ec99da30 at C:\re\jdk7u79\2331\hotspot\src\share\vm\prims\jvm.cpp:1304
Event: 4.029 Thread 0x000000000a9c3000 Threw 0x00000000ed107360 at C:\re\jdk7u79\2331\hotspot\src\share\vm\prims\jvm.cpp:1304

Events (10 events):
Event: 4.204 Executing VM operation: EnableBiasedLocking
Event: 4.273 Executing VM operation: EnableBiasedLocking done
Event: 4.316 Thread 0x000000000aac4000 Uncommon trap: trap_request=0xffffffde fr.pc=0x00000000026be634
Event: 4.316 Thread 0x000000000aac4000 DEOPT PACKING pc=0x00000000026be634 sp=0x000000000b4de880
Event: 4.316 Thread 0x000000000aac4000 DEOPT UNPACKING pc=0x0000000002549064 sp=0x000000000b4de838 mode 2
Event: 4.398 Thread 0x000000000a9c3000 Uncommon trap: trap_request=0xffffffde fr.pc=0x00000000026be634
Event: 4.398 Thread 0x000000000a9c3000 DEOPT PACKING pc=0x00000000026be634 sp=0x000000000b5deb30
Event: 4.398 Thread 0x000000000a9c3000 DEOPT UNPACKING pc=0x0000000002549064 sp=0x000000000b5deae8 mode 2
Event: 4.471 Executing VM operation: ParallelGCFailedAllocation
Event: 4.816 Executing VM operation: ParallelGCFailedAllocation done


Dynamic libraries:
0x00007ff778b30000 - 0x00007ff778b63000 	C:\Program Files\Java\jdk1.7.0_79\bin\java.exe
0x00007ff8e8210000 - 0x00007ff8e83d1000 	C:\Windows\SYSTEM32\ntdll.dll
0x00007ff8e5d00000 - 0x00007ff8e5dad000 	C:\Windows\system32\KERNEL32.DLL
0x00007ff8e5700000 - 0x00007ff8e58dd000 	C:\Windows\system32\KERNELBASE.dll
0x00007ff8e7fb0000 - 0x00007ff8e8056000 	C:\Windows\system32\ADVAPI32.dll
0x00007ff8e5fa0000 - 0x00007ff8e603d000 	C:\Windows\system32\msvcrt.dll
0x00007ff8e5db0000 - 0x00007ff8e5e0b000 	C:\Windows\system32\sechost.dll
0x00007ff8e61a0000 - 0x00007ff8e62c6000 	C:\Windows\system32\RPCRT4.dll
0x00007ff8e6040000 - 0x00007ff8e618e000 	C:\Windows\system32\USER32.dll
0x00007ff8e5e10000 - 0x00007ff8e5f96000 	C:\Windows\system32\GDI32.dll
0x00007ff8d61b0000 - 0x00007ff8d6424000 	C:\Windows\WinSxS\amd64_microsoft.windows.common-controls_6595b64144ccf1df_6.0.10240.16384_none_f41f7b285750ef43\COMCTL32.dll
0x00007ff8e59c0000 - 0x00007ff8e59f6000 	C:\Windows\system32\IMM32.DLL
0x00007ff8e64a0000 - 0x00007ff8e65fc000 	C:\Windows\system32\MSCTF.dll
0x0000000059480000 - 0x0000000059552000 	C:\Program Files\Java\jdk1.7.0_79\jre\bin\msvcr100.dll
0x00000000599f0000 - 0x000000005a1c5000 	C:\Program Files\Java\jdk1.7.0_79\jre\bin\server\jvm.dll
0x00007ff8e5a70000 - 0x00007ff8e5a78000 	C:\Windows\system32\PSAPI.DLL
0x00007ff8c7a80000 - 0x00007ff8c7a89000 	C:\Windows\SYSTEM32\WSOCK32.dll
0x00007ff8e5a00000 - 0x00007ff8e5a69000 	C:\Windows\system32\WS2_32.dll
0x00007ff8e67d0000 - 0x00007ff8e67d8000 	C:\Windows\system32\NSI.dll
0x00007ff8e2d40000 - 0x00007ff8e2d63000 	C:\Windows\SYSTEM32\WINMM.dll
0x0000000002160000 - 0x000000000218c000 	C:\Windows\SYSTEM32\WINMMBASE.dll
0x00007ff8e4ce0000 - 0x00007ff8e4d24000 	C:\Windows\system32\cfgmgr32.dll
0x00007ff8e35b0000 - 0x00007ff8e35d7000 	C:\Windows\SYSTEM32\DEVOBJ.dll
0x0000000059900000 - 0x000000005990f000 	C:\Program Files\Java\jdk1.7.0_79\jre\bin\verify.dll
0x00000000598d0000 - 0x00000000598f8000 	C:\Program Files\Java\jdk1.7.0_79\jre\bin\java.dll
0x00000000598b0000 - 0x00000000598c5000 	C:\Program Files\Java\jdk1.7.0_79\jre\bin\zip.dll
0x0000000059890000 - 0x00000000598aa000 	C:\Program Files\Java\jdk1.7.0_79\jre\bin\net.dll
0x00007ff8e44b0000 - 0x00007ff8e450d000 	C:\Windows\system32\mswsock.dll
0x0000000059870000 - 0x0000000059881000 	C:\Program Files\Java\jdk1.7.0_79\jre\bin\nio.dll

VM Arguments:
jvm_args: -Xmx1024M -Dfile.encoding=windows-1252 -Duser.country=GB -Duser.language=en -Duser.variant 
java_command: com.android.dx.command.Main --dex --num-threads=4 --output D:\AndroidStudioProjects\GameNewsApp\app\build\intermediates\pre-dexed\debug\classes-2cfd865a34f66c61bbc7035ff1847ac5ef4f3196.jar D:\AndroidStudioProjects\GameNewsApp\app\build\intermediates\exploded-aar\com.android.support\support-v4\23.1.0\jars\classes.jar
Launcher Type: SUN_STANDARD

Environment Variables:
PATH=C:\Windows\system32;C:\Windows;C:\Windows\System32\Wbem;C:\Windows\System32\WindowsPowerShell\v1.0\;C:\Program Files (x86)\ATI Technologies\ATI.ACE\Core-Static;C:\Program Files (x86)\Skype\Phone\
USERNAME=dudek
OS=Windows_NT
PROCESSOR_IDENTIFIER=AMD64 Family 21 Model 2 Stepping 0, AuthenticAMD



---------------  S Y S T E M  ---------------

OS: Windows 8.1 , 64 bit Build 9600 

CPU:total 8 (8 cores per cpu, 1 threads per core) family 21 model 2 stepping 0, cmov, cx8, fxsr, mmx, sse, sse2, sse3, ssse3, sse4.1, sse4.2, popcnt, avx, aes, mmxext, 3dnowpref, lzcnt, sse4a, tsc, tscinvbit, tscinv

Memory: 4k page, physical 8335400k(2183920k free), swap 9646120k(5244k free)

vm_info: Java HotSpot(TM) 64-Bit Server VM (24.79-b02) for windows-amd64 JRE (1.7.0_79-b15), built on Apr 10 2015 12:36:16 by "java_re" with unknown MS VC++:1600

time: Tue Nov 24 19:11:06 2015
elapsed time: 4 seconds

