#
# There is insufficient memory for the Java Runtime Environment to continue.
# Native memory allocation (malloc) failed to allocate 368496 bytes for Chunk::new
# Possible reasons:
#   The system is out of physical RAM or swap space
#   In 32 bit mode, the process size limit was hit
# Possible solutions:
#   Reduce memory load on the system
#   Increase physical memory or swap space
#   Check if swap backing store is full
#   Use 64 bit Java on a 64 bit OS
#   Decrease Java heap size (-Xmx/-Xms)
#   Decrease number of Java threads
#   Decrease Java thread stack sizes (-Xss)
#   Set larger code cache with -XX:ReservedCodeCacheSize=
# This output file may be truncated or incomplete.
#
#  Out of Memory Error (allocation.cpp:323), pid=42504, tid=42624
#
# JRE version: Java(TM) SE Runtime Environment (7.0_79-b15) (build 1.7.0_79-b15)
# Java VM: Java HotSpot(TM) 64-Bit Server VM (24.79-b02 mixed mode windows-amd64 compressed oops)
# Failed to write core dump. Minidumps are not enabled by default on client versions of Windows
#

---------------  T H R E A D  ---------------

Current thread (0x00000000026ff800):  JavaThread "C2 CompilerThread1" daemon [_thread_in_native, id=42624, stack(0x000000000b120000,0x000000000b220000)]

Stack: [0x000000000b120000,0x000000000b220000]
[error occurred during error reporting (printing stack bounds), id 0xc0000005]


[error occurred during error reporting (printing native stack), id 0xc0000005]


Current CompileTask:
C2:   1729  167             com.android.dx.ssa.SsaMethod::forEachBlockDepthFirst (194 bytes)


---------------  P R O C E S S  ---------------

Java Threads: ( => current thread )
  0x000000000ac7a800 JavaThread "pool-1-thread-4" [_thread_blocked, id=42092, stack(0x000000000b820000,0x000000000b920000)]
  0x000000000ac71800 JavaThread "pool-1-thread-3" [_thread_in_Java, id=42112, stack(0x000000000b720000,0x000000000b820000)]
  0x000000000ac06800 JavaThread "pool-1-thread-2" [_thread_blocked, id=42588, stack(0x000000000b620000,0x000000000b720000)]
  0x000000000ac03800 JavaThread "pool-2-thread-1" [_thread_blocked, id=42876, stack(0x000000000b520000,0x000000000b620000)]
  0x000000000ac97800 JavaThread "pool-1-thread-1" [_thread_blocked, id=42872, stack(0x000000000b420000,0x000000000b520000)]
  0x000000000270c800 JavaThread "Service Thread" daemon [_thread_blocked, id=42628, stack(0x000000000b220000,0x000000000b320000)]
=>0x00000000026ff800 JavaThread "C2 CompilerThread1" daemon [_thread_in_native, id=42624, stack(0x000000000b120000,0x000000000b220000)]
  0x00000000026fd800 JavaThread "C2 CompilerThread0" daemon [_thread_in_native, id=42620, stack(0x000000000b020000,0x000000000b120000)]
  0x00000000026fd000 JavaThread "Attach Listener" daemon [_thread_blocked, id=42536, stack(0x000000000af20000,0x000000000b020000)]
  0x00000000026f8000 JavaThread "Signal Dispatcher" daemon [_thread_blocked, id=42540, stack(0x000000000ae20000,0x000000000af20000)]
  0x0000000008a60000 JavaThread "Finalizer" daemon [_thread_blocked, id=42868, stack(0x000000000a920000,0x000000000aa20000)]
  0x0000000008a59000 JavaThread "Reference Handler" daemon [_thread_blocked, id=42448, stack(0x000000000a820000,0x000000000a920000)]
  0x0000000002610800 JavaThread "main" [_thread_in_vm, id=42848, stack(0x00000000024e0000,0x00000000025e0000)]

Other Threads:
  0x0000000008a55800 VMThread [stack: 0x000000000a720000,0x000000000a820000] [id=42568]
  0x000000000aa4d800 WatcherThread [stack: 0x000000000b320000,0x000000000b420000] [id=42632]

VM state:not at safepoint (normal execution)

VM Mutex/Monitor currently owned by a thread: None

Heap
 PSYoungGen      total 38400K, used 25318K [0x00000000eaa80000, 0x00000000ed500000, 0x0000000100000000)
  eden space 33280K, 76% used [0x00000000eaa80000,0x00000000ec339bf8,0x00000000ecb00000)
  from space 5120K, 0% used [0x00000000ed000000,0x00000000ed000000,0x00000000ed500000)
  to   space 5120K, 0% used [0x00000000ecb00000,0x00000000ecb00000,0x00000000ed000000)
 ParOldGen       total 86528K, used 0K [0x00000000c0000000, 0x00000000c5480000, 0x00000000eaa80000)
  object space 86528K, 0% used [0x00000000c0000000,0x00000000c0000000,0x00000000c5480000)
 PSPermGen       total 21504K, used 5752K [0x00000000bae00000, 0x00000000bc300000, 0x00000000c0000000)
  object space 21504K, 26% used [0x00000000bae00000,0x00000000bb39e1f8,0x00000000bc300000)

Card table byte_map: [0x00000000057d0000,0x0000000005a00000] byte_map_base: 0x00000000051f9000

Polling page: 0x00000000025e0000

Code Cache  [0x0000000002710000, 0x0000000002980000, 0x0000000005710000)
 total_blobs=402 nmethods=166 adapters=189 free_code_cache=48476Kb largest_free_block=49596480

Compilation events (10 events):
Event: 1.644 Thread 0x00000000026fd800 nmethod 163 0x00000000027b2ed0 code [0x00000000027b3020, 0x00000000027b3138]
Event: 1.696 Thread 0x00000000026ff800 nmethod 157 0x00000000027be410 code [0x00000000027be740, 0x00000000027c0a80]
Event: 1.697 Thread 0x00000000026fd800  164             com.android.dx.ssa.DeadCodeRemover::access$000 (5 bytes)
Event: 1.700 Thread 0x00000000026fd800 nmethod 164 0x00000000027adcd0 code [0x00000000027ade20, 0x00000000027adfb8]
Event: 1.707 Thread 0x00000000026ff800  165             java.util.Collections$UnmodifiableCollection$1::hasNext (10 bytes)
Event: 1.709 Thread 0x00000000026ff800 nmethod 165 0x00000000027ad9d0 code [0x00000000027adb20, 0x00000000027adbd8]
Event: 1.715 Thread 0x00000000026fd800  166             com.android.dx.util.FixedSizeList::getOrNull0 (7 bytes)
Event: 1.716 Thread 0x00000000026fd800 nmethod 166 0x00000000027b23d0 code [0x00000000027b2500, 0x00000000027b2598]
Event: 1.717 Thread 0x00000000026ff800  167             com.android.dx.ssa.SsaMethod::forEachBlockDepthFirst (194 bytes)
Event: 1.718 Thread 0x00000000026fd800  168             com.android.dx.ssa.SsaRenamer$BlockRenamer::process (191 bytes)

GC Heap History (0 events):
No events

Deoptimization events (4 events):
Event: 0.878 Thread 0x000000000ac71800 Uncommon trap: reason=class_check action=maybe_recompile pc=0x000000000278aa58 method=com.android.dx.ssa.NormalSsaInsn.accept(Lcom/android/dx/ssa/SsaInsn$Visitor;)V @ 9
Event: 0.892 Thread 0x000000000ac97800 Uncommon trap: reason=class_check action=maybe_recompile pc=0x000000000278aa58 method=com.android.dx.ssa.NormalSsaInsn.accept(Lcom/android/dx/ssa/SsaInsn$Visitor;)V @ 9
Event: 0.902 Thread 0x000000000ac71800 Uncommon trap: reason=class_check action=maybe_recompile pc=0x000000000278aa58 method=com.android.dx.ssa.NormalSsaInsn.accept(Lcom/android/dx/ssa/SsaInsn$Visitor;)V @ 9
Event: 0.910 Thread 0x000000000ac7a800 Uncommon trap: reason=null_check action=make_not_entrant pc=0x00000000027904f0 method=com.android.dx.rop.code.LocalItem.equals(Ljava/lang/Object;)Z @ 1

Internal exceptions (10 events):
Event: 0.601 Thread 0x0000000002610800 Threw 0x00000000eb8ec2e0 at C:\re\jdk7u79\2331\hotspot\src\share\vm\prims\jvm.cpp:1304
Event: 0.604 Thread 0x000000000ac06800 Threw 0x00000000eb7f0fb0 at C:\re\jdk7u79\2331\hotspot\src\share\vm\prims\jvm.cpp:1304
Event: 0.901 Thread 0x000000000ac97800 Threw 0x00000000eb9e5840 at C:\re\jdk7u79\2331\hotspot\src\share\vm\prims\jvm.cpp:1304
Event: 0.902 Thread 0x000000000ac97800 Threw 0x00000000eb9eb090 at C:\re\jdk7u79\2331\hotspot\src\share\vm\prims\jvm.cpp:1304
Event: 0.902 Thread 0x000000000ac97800 Threw 0x00000000eb9f0658 at C:\re\jdk7u79\2331\hotspot\src\share\vm\prims\jvm.cpp:1304
Event: 0.910 Thread 0x000000000ac7a800 Implicit null exception at 0x00000000027901b3 to 0x00000000027904dd
Event: 0.996 Thread 0x000000000ac71800 Threw 0x00000000eba6d1b8 at C:\re\jdk7u79\2331\hotspot\src\share\vm\prims\jvm.cpp:1304
Event: 0.997 Thread 0x0000000002610800 Threw 0x00000000ebb49370 at C:\re\jdk7u79\2331\hotspot\src\share\vm\prims\jvm.cpp:1304
Event: 1.005 Thread 0x000000000ac97800 Threw 0x00000000ebcc1f18 at C:\re\jdk7u79\2331\hotspot\src\share\vm\prims\jvm.cpp:1304
Event: 1.454 Thread 0x000000000ac06800 Threw 0x00000000ebfffb08 at C:\re\jdk7u79\2331\hotspot\src\share\vm\prims\jvm.cpp:1304

Events (10 events):
Event: 0.995 loading class 0x000000000ab4f620
Event: 0.995 loading class 0x000000000ab4f620 done
Event: 0.997 loading class 0x000000000aa7d3e0
Event: 0.997 loading class 0x000000000aa7d3e0 done
Event: 1.005 loading class 0x000000000abfce90
Event: 1.005 loading class 0x000000000abfce90 done
Event: 1.454 loading class 0x000000000ac80ef0
Event: 1.454 loading class 0x000000000ac80ef0 done
Event: 1.536 loading class 0x0000000002695eb0
Event: 1.537 loading class 0x0000000002695eb0 done


Dynamic libraries:
0x00007ff778b30000 - 0x00007ff778b63000 	C:\Program Files\Java\jdk1.7.0_79\bin\java.exe
0x00007ff8e8210000 - 0x00007ff8e83d1000 	C:\Windows\SYSTEM32\ntdll.dll
0x00007ff8e5d00000 - 0x00007ff8e5dad000 	C:\Windows\system32\KERNEL32.DLL
0x00007ff8e5700000 - 0x00007ff8e58dd000 	C:\Windows\system32\KERNELBASE.dll
0x00007ff8e7fb0000 - 0x00007ff8e8056000 	C:\Windows\system32\ADVAPI32.dll
0x00007ff8e5fa0000 - 0x00007ff8e603d000 	C:\Windows\system32\msvcrt.dll
0x00007ff8e5db0000 - 0x00007ff8e5e0b000 	C:\Windows\system32\sechost.dll
0x00007ff8e61a0000 - 0x00007ff8e62c6000 	C:\Windows\system32\RPCRT4.dll
0x00007ff8e6040000 - 0x00007ff8e618e000 	C:\Windows\system32\USER32.dll
0x00007ff8e5e10000 - 0x00007ff8e5f96000 	C:\Windows\system32\GDI32.dll
0x00007ff8d61b0000 - 0x00007ff8d6424000 	C:\Windows\WinSxS\amd64_microsoft.windows.common-controls_6595b64144ccf1df_6.0.10240.16384_none_f41f7b285750ef43\COMCTL32.dll
0x00007ff8e59c0000 - 0x00007ff8e59f6000 	C:\Windows\system32\IMM32.DLL
0x00007ff8e64a0000 - 0x00007ff8e65fc000 	C:\Windows\system32\MSCTF.dll
0x0000000059480000 - 0x0000000059552000 	C:\Program Files\Java\jdk1.7.0_79\jre\bin\msvcr100.dll
0x00000000599f0000 - 0x000000005a1c5000 	C:\Program Files\Java\jdk1.7.0_79\jre\bin\server\jvm.dll
0x00007ff8e5a70000 - 0x00007ff8e5a78000 	C:\Windows\system32\PSAPI.DLL
0x00007ff8c7a80000 - 0x00007ff8c7a89000 	C:\Windows\SYSTEM32\WSOCK32.dll
0x00007ff8e5a00000 - 0x00007ff8e5a69000 	C:\Windows\system32\WS2_32.dll
0x00007ff8e67d0000 - 0x00007ff8e67d8000 	C:\Windows\system32\NSI.dll
0x00007ff8e2d40000 - 0x00007ff8e2d63000 	C:\Windows\SYSTEM32\WINMM.dll
0x00007ff8e2ce0000 - 0x00007ff8e2d0c000 	C:\Windows\SYSTEM32\WINMMBASE.dll
0x00007ff8e4ce0000 - 0x00007ff8e4d24000 	C:\Windows\system32\cfgmgr32.dll
0x00007ff8e35b0000 - 0x00007ff8e35d7000 	C:\Windows\SYSTEM32\DEVOBJ.dll
0x0000000059900000 - 0x000000005990f000 	C:\Program Files\Java\jdk1.7.0_79\jre\bin\verify.dll
0x00000000598d0000 - 0x00000000598f8000 	C:\Program Files\Java\jdk1.7.0_79\jre\bin\java.dll
0x00000000598b0000 - 0x00000000598c5000 	C:\Program Files\Java\jdk1.7.0_79\jre\bin\zip.dll
